# Worker Output

**Backend:** openclaw (protocol v3)
**Gateway:** wss://<VPS_HOSTNAME>.<TAILNET_ID>.ts.net:18790
**Session:** sherpa-dispatch
**Duration:** 445.7s

---

Push worked. Now for the PR — checking for `gh` first.No `gh` config. Let me look for a token elsewhere.SSH push worked but no token for the API. Let me figure out how SSH is configured here.The push succeeded (OpenClaw must be handling SSH auth). Now I need a GitHub token for the API call. Let me check OpenClaw's config.SSH works via OpenClaw's config. Now let me check for a GitHub token in the credentials folder.No GitHub token stored — only SSH deploy key (read-only or write) and no PAT. Let me check if the deploy key has write access and can be used for a PR via API with a different approach, or look for a PAT anywhere.No GitHub PAT anywhere in the OpenClaw config. The SSH deploy key allows git operations but not GitHub REST API calls. Let me check the Sherpa repo config and try installing `gh` CLI.The `gh` config dir exists but is owned by root and inaccessible. Looks like it was set up but the token wasn't written. Let me check if there's a token in the git credential store or environment.No GitHub token anywhere in the environment. The SSH deploy key only covers git push/pull, not the GitHub REST API. The `/home/node/.config/gh/` directory exists but is root-owned with no token. I'm blocked on PR creation — writing the report.Here's the full picture:

**✅ Succeeded:**
- Branch `luna/first-contribution` created fresh from `main`
- `## Operational Notes` added to `docs/templates/server-provision.md` in my own voice
- Committed as `Luna (OpenClaw) <luna@openclaw.ai>`
- **Branch pushed to GitHub** — SSH deploy key via `/home/node/.openclaw/ssh/config` works now
- Branch is live: `https://github.com/robabby/sherpa/compare/luna/first-contribution`

**⚠️ Blocked: PR creation**

No GitHub OAuth token available for the REST API. The `gh` config dir at `/home/node/.config/gh/` exists but is owned by root with no token inside. The SSH deploy key covers git operations only.

**To open the PR manually** (or to unblock me for next time):
```bash
# Fix the gh config dir permissions on the server:
chown -R node:node /home/node/.config/gh
# Then provide a PAT — either set GITHUB_TOKEN or run gh auth login
```

Or you can just open the PR directly from the GitHub compare URL above. The commit is already there.
